  Source.cpp
C:\Users\Administrator\Desktop\CPP_LECTURE2-DataStruct-\C++LECTURE2\Source.cpp(40,1): warning C4311: '형식 캐스트': 'T'에서 'int'(으)로 포인터가 잘립니다.
          with
          [
              T=const char *
          ]
C:\Users\Administrator\Desktop\CPP_LECTURE2-DataStruct-\C++LECTURE2\Source.cpp(120): message : 컴파일되는 함수 템플릿 인스턴스화 'int HashTable<std::string,std::string>::HashFunction<const char*>(T)'에 대한 참조를 확인하세요.
          with
          [
              T=const char *
          ]
C:\Users\Administrator\Desktop\CPP_LECTURE2-DataStruct-\C++LECTURE2\Source.cpp(120): message : 컴파일되는 함수 템플릿 인스턴스화 'int HashTable<std::string,std::string>::HashFunction<const char*>(T)'에 대한 참조를 확인하세요.
          with
          [
              T=const char *
          ]
C:\Users\Administrator\Desktop\CPP_LECTURE2-DataStruct-\C++LECTURE2\Source.cpp(40,1): warning C4302: '형식 캐스트': 'T'에서 'int'(으)로 잘립니다.
          with
          [
              T=const char *
          ]
  C++LECTURE2.vcxproj -> C:\Users\Administrator\Desktop\CPP_LECTURE2-DataStruct-\C++LECTURE2\x64\Debug\C++LECTURE2.exe
